[debug] [2026-02-27T07:17:48.192Z] ----------------------------------------------------------------------
[debug] [2026-02-27T07:17:48.194Z] Command:       /Users/vietbd/.nvm/versions/node/v20.17.0/bin/node /Users/vietbd/.nvm/versions/node/v18.20.4/bin/firebase deploy
[debug] [2026-02-27T07:17:48.194Z] CLI Version:   15.5.1
[debug] [2026-02-27T07:17:48.194Z] Platform:      darwin
[debug] [2026-02-27T07:17:48.194Z] Node Version:  v20.17.0
[debug] [2026-02-27T07:17:48.195Z] Time:          Fri Feb 27 2026 14:17:48 GMT+0700 (Indochina Time)
[debug] [2026-02-27T07:17:48.195Z] ----------------------------------------------------------------------
[debug] 
[debug] [2026-02-27T07:17:49.142Z] > command requires scopes: ["email","openid","https://www.googleapis.com/auth/cloudplatformprojects.readonly","https://www.googleapis.com/auth/firebase","https://www.googleapis.com/auth/cloud-platform"]
[debug] [2026-02-27T07:17:49.142Z] > authorizing via signed-in user (ducviet.dev@gmail.com)
[debug] [2026-02-27T07:17:49.142Z] [iam] checking project ngao-a72f8 for permissions ["firebase.projects.get","firebasehosting.sites.update"]
[debug] [2026-02-27T07:17:49.143Z] Checked if tokens are valid: true, expires at: 1772180188395
[debug] [2026-02-27T07:17:49.143Z] Checked if tokens are valid: true, expires at: 1772180188395
[debug] [2026-02-27T07:17:49.145Z] >>> [apiv2][query] POST https://cloudresourcemanager.googleapis.com/v1/projects/ngao-a72f8:testIamPermissions [none]
[debug] [2026-02-27T07:17:49.145Z] >>> [apiv2][(partial)header] POST https://cloudresourcemanager.googleapis.com/v1/projects/ngao-a72f8:testIamPermissions  x-goog-user-project=ngao-a72f8
[debug] [2026-02-27T07:17:49.145Z] >>> [apiv2][body] POST https://cloudresourcemanager.googleapis.com/v1/projects/ngao-a72f8:testIamPermissions {"permissions":["firebase.projects.get","firebasehosting.sites.update"]}
[debug] [2026-02-27T07:17:50.610Z] <<< [apiv2][status] POST https://cloudresourcemanager.googleapis.com/v1/projects/ngao-a72f8:testIamPermissions 200
[debug] [2026-02-27T07:17:50.611Z] <<< [apiv2][body] POST https://cloudresourcemanager.googleapis.com/v1/projects/ngao-a72f8:testIamPermissions {"permissions":["firebase.projects.get","firebasehosting.sites.update"]}
[debug] [2026-02-27T07:17:50.611Z] Checked if tokens are valid: true, expires at: 1772180188395
[debug] [2026-02-27T07:17:50.611Z] Checked if tokens are valid: true, expires at: 1772180188395
[debug] [2026-02-27T07:17:50.611Z] >>> [apiv2][query] GET https://firebase.googleapis.com/v1beta1/projects/ngao-a72f8 [none]
[debug] [2026-02-27T07:17:51.542Z] <<< [apiv2][status] GET https://firebase.googleapis.com/v1beta1/projects/ngao-a72f8 200
[debug] [2026-02-27T07:17:51.542Z] <<< [apiv2][body] GET https://firebase.googleapis.com/v1beta1/projects/ngao-a72f8 {"projectId":"ngao-a72f8","projectNumber":"482810153724","displayName":"ngao-store","name":"projects/ngao-a72f8","resources":{"hostingSite":"ngao-a72f8"},"state":"ACTIVE","etag":"1_e053c371-5d58-4d57-840d-965d2d312eb2"}
[info] 
[info] === Deploying to 'ngao-a72f8'...
[info] 
[info] i  deploying hosting 
[debug] [2026-02-27T07:17:51.548Z] Checked if tokens are valid: true, expires at: 1772180188395
[debug] [2026-02-27T07:17:51.548Z] Checked if tokens are valid: true, expires at: 1772180188395
[debug] [2026-02-27T07:17:51.548Z] >>> [apiv2][query] POST https://firebasehosting.googleapis.com/v1beta1/projects/-/sites/ngao-a72f8/versions [none]
[debug] [2026-02-27T07:17:51.548Z] >>> [apiv2][body] POST https://firebasehosting.googleapis.com/v1beta1/projects/-/sites/ngao-a72f8/versions {"status":"CREATED","labels":{"deployment-tool":"cli-firebase"}}
[debug] [2026-02-27T07:17:52.533Z] <<< [apiv2][status] POST https://firebasehosting.googleapis.com/v1beta1/projects/-/sites/ngao-a72f8/versions 200
[debug] [2026-02-27T07:17:52.534Z] <<< [apiv2][body] POST https://firebasehosting.googleapis.com/v1beta1/projects/-/sites/ngao-a72f8/versions {"name":"projects/482810153724/sites/ngao-a72f8/versions/e070883eebcd4659","status":"CREATED","config":{},"labels":{"deployment-tool":"cli-firebase"}}
[info] i  hosting[ngao-a72f8]: beginning deploy... 
[info] i  hosting[ngao-a72f8]: found 68 files in out 
[debug] [2026-02-27T07:17:52.561Z] [hosting] uploading with 200 concurrency
[debug] [2026-02-27T07:17:52.671Z] Checked if tokens are valid: true, expires at: 1772180188395
[debug] [2026-02-27T07:17:52.671Z] Checked if tokens are valid: true, expires at: 1772180188395
[debug] [2026-02-27T07:17:52.672Z] [hosting] hash cache [b3V0] stored for 68 files
[debug] [2026-02-27T07:17:52.672Z] [hosting][hash queue][FINAL] {"max":101,"min":14,"avg":49.0735294117647,"active":0,"complete":68,"success":68,"errored":0,"retried":0,"total":68,"elapsed":107}
[debug] [2026-02-27T07:17:52.672Z] >>> [apiv2][query] POST https://firebasehosting.googleapis.com/v1beta1/projects/482810153724/sites/ngao-a72f8/versions/e070883eebcd4659:populateFiles [none]
[debug] [2026-02-27T07:17:52.672Z] >>> [apiv2][body] POST https://firebasehosting.googleapis.com/v1beta1/projects/482810153724/sites/ngao-a72f8/versions/e070883eebcd4659:populateFiles {"files":{"/favicon.svg":"c1d6f7e6c11283ea8feca9468fba80636df368204a6020e9a506a385f37212ec","/404.html":"80a6c6040796df1e7a07c6b43e0529ac3d6b672daa91014631650cff4b6bbfa5","/index.txt":"e9ad0024eb2c4658bb27fced67ae4e724385e3b91607f503390a1301c7d9396f","/favicon.png":"d143e074d732d04c2f2019cfea422e0c304473134bb4219a21ce2fda62bd4765","/images/products/silicol.jpg":"cf7f6b06cb6141b9f1e1057c9406673bac1dac982511625964b02c0f870ce32c","/images/products/magsafe.jpg":"66a300dc9bc17a06fa65cff63ec903362378ed35ffd7d3a0126367a8b935666a","/_next/static/media/df0a9ae256c0569c-s.p.woff2":"bbf2b69affb52c37fbd41b4c75ae7fc2f2421b70be2218dbe876cef0fcdc18a9","/_next/static/media/c5fe6dc8356a8c31-s.woff2":"1a0e14609112860ada68bcd117557d881c437c49a652fc25f03478d32db23261","/images/products/cuongluc-baiko.jpg":"1bccaa2a9c9099d19e248cc7346229a9cfe79dfa692cec773ae8887418ab8926","/zalo.png":"62da9f49b6df1dd5382641e7d603bcf6ed5a7cfe7d4cac0028d37b45558d621a","/_next/static/media/ba9851c3c22cd980-s.woff2":"60bcc7eca099398d9118a54458d766e098397b9b59a1788046e101bc7797906b","/_next/static/media/e4af272ccee01ff0-s.p.woff2":"28d3c49d99e0f60c3d54343c8188ada21c804877b2b1fd9acc1695bf6b47ef22","/index.html":"2249e65cff4774fa5cd5b8425a11bdd8948ba3432131ca8d24858d9a51a0d403","/images/products/kingkong-cnt.png":"a2e61e2729ac76d347c2816a693dfffb463d9c68e32548982b96dcecae644463","/images/products/cuong-luc-bison.jpg":"7eb5ea659ef29dc271e050120058bd07a5c6b539c02ec86ccbc5e36eb5eac879","/_next/static/chunks/webpack-7d17f2fb74da157f.js":"ddb765be3360414c35eab007284bd158d401f1d8b0b7d8ea8fd23209f5ef30a1","/_next/static/css/d004ec1767d90a4a.css":"88db8f8defb3f3fd02e3aedc9c6a3d8ceddffde7183e901619fac183d9d10a1d","/_next/static/chunks/main-app-40840efb6065fb9d.js":"02fd68223e50ca7ebc7b6aa3beacbbaa7b66cc625c3f2dac13b81c57bd4d1b1a","/images/products/cb110-2.jpg":"0e7bf38b917a85244e2ec543ca51daf5f1b398e701e87982cae9f7ef4703c9cc","/images/products/cb105.jpg":"f48735df1b0cfa237154a9b58e8de4b6481527e974b109262ac9fb4044815239","/_next/static/media/21350d82a1f187e9-s.woff2":"a30747ba3d635d16cfc52331d3364bcbb1024d1d1bfe0e830e6329ef1e7dda23","/_next/static/media/19cfc7226ec3afaa-s.woff2":"9158a62c685560cf2e28de5854b559863dc9dbda0bf98277ab1ed711bddd8a77","/_next/static/chunks/pages/_error-1be831200e60c5c0.js":"7ba7b69d070dbc710e451691d369b4ce050c7aff928d7ff030baa21135383430","/_next/static/chunks/polyfills-78c92fac7aa8fdd8.js":"a5b39edcc77b6069d442b5dbeb8091cf27ac47ac7a1a99cfc325213bdaae2fb5","/_next/static/chunks/pages/_app-6a626577ffa902a4.js":"033ba1808728c513ad0a88d7ddf19b808f355e4bccb8e18dd6b1928961cf7a45","/_next/static/chunks/main-7e841dc6f93e1953.js":"a66a0d519a014475bf0a068c65fcca7a543ab954cfb9c0a27dd50453f6f2ac17","/_next/static/media/8e9860b6e62d6359-s.woff2":"865e90fb09b8be8261d53d6a40c80daa87669020b3d5fa186cb66c1944efca21","/_next/static/chunks/app/layout-e2ec0034a17041c6.js":"bf71b740b7416176b75dc6f0524d7556835288feb58c741644174b5085e05a98","/_next/static/chunks/app/page-cfead53662fec646.js":"98ad87cdbbe56455b218c26034896ad873ca38c76071ce50a9b3c80e4facc27d","/_next/static/chunks/app/_not-found/page-7f6a09f2e4056156.js":"73bfefb0e831b4bce23ce0791be33b7f0cf0dcd0f1424068ac4b3f6d3c5bbade","/_next/static/KDqpUEjA7c0tJRvYT3cf9/_ssgManifest.js":"02dbc1aeab6ef0a6ff2ff9a1643158cf9bb38929945eaa343a3627dee9ba6778","/_next/static/KDqpUEjA7c0tJRvYT3cf9/_buildManifest.js":"d69e5a007397f17b35522afa5231f150a71e70144a0b25094b29b45bb5e6de96","/_next/static/chunks/23-bf34c1eaf8b5d382.js":"fedacded376cd6b18e0f1e21a11972b9e6338d2bc2b3e2047f471f2eca2f350e","/_next/static/chunks/framework-f66176bb897dc684.js":"edccdf0bd26f4c34c32924a52f573ae1403c8e2291e0524921f6a3bc3635b56d","/_next/static/chunks/fd9d1056-844a5cc198651369.js":"1ad5b60900951695550bcfb3b5d43784825075257435b5badf3d5a7ed4b9e1f9","/_next/static/chunks/78-de4df0142bfb2117.js":"a265ac69df508ae5789bf171a5621aebbb1135f7e2555982a43448cafba1928b","/images/products/cb103.jpg":"83ff551715142ebecec3e9061719a7e355de7229b177cff31b8f73e0689f55e5","/images/products/cb100.jpg":"be575374ef6d9af26ddc0e02bcf2d2faaf8aaf7bc7107fdf56bff7aade00039b","/images/products/cb110.jpg":"e4bb7bfd33909179cce7fe74810fd473bc41209c8d50efec3a19dbcff3e1bedd","/images/products/cb119.jpg":"540f3813078d075c8321bf66f5070fb656eced6efbcd598eac8ef5b3b84851a0","/images/hero-banner.png":"1d4f14c0bacd59cd3e78d68ef161b7b5b8edddb7d89149779cfc9a6df9932047","/images/products/bch182.jpg":"384cb1d3e2a7af6c6a0095c0cf3d9569cc85c54007a133e6cb1d45d4d8eb4f14","/images/products/bch541.jpg":"1fc348b0795c58b5006b692694c09b63dc050c728197575f74fe213f95e377b0","/logo.png":"24e3a9f0098df69f902e1923e1ed12ab3f69d6ba66958459604b8718fec3d21b","/images/products/cb113.jpg":"d871f1163e796a2a4f0be2434e5598fcd3e83e258289997b4575d187efe4d1df","/images/products/bch180.jpg":"8b127b0f72c3856872af9a854e9bad1d62aea6f6f674e907139a0b15852e1d80","/images/products/o-eid.png":"90db65b77ff441caab5d5964770aa913616355808532f1461a9e047970abddca","/images/products/bs-eid.png":"648d6c61ba68ad5abb98cd57f9b4a409ed70aaca26d371cd063c8dc647cb1b04","/images/products/hc.png":"199ed24bbebae15fa95e5dee7baf7d54405d30f06df820e3d645ccad401cc050","/images/products/bs-new.png":"2744ad5c26930fee0ab5715d1953f3ea6aca8f51d71e86ad98009a636cf6cde5","/images/products/heicard.png":"90526e1e6219506b36f7b5331f7cac8053c6e6c3106a28bfd3cad72aa52ecf54","/images/products/16e.png":"697d547cbf40a9a4366e2e88393f890b40ff54dc41be69f70519b9195c674bf2","/images/products/bs-pro.png":"9cecee48cd8562e9483f329b9a5f76924e1d9f416b5f95486bb0b9bfc0aee299","/images/products/dual.png":"49a8b39d550eb1942d82c486a27abd715b64fd5afbfe500cf81efbeee624d1bf","/images/products/vipbs.png":"188aa54e5d65ded8d68aae75df6a885f99db9f42ec339f933710757823c177d5","/images/products/bts055.jpg":"c5ace1017bcf07b6f72efd533887055bbda8589c42201be212da3903303ed588","/images/unlock-2.png":"615f1101be22fd4a8eb05af970813a5e57f9536f078703c8eec4a7fb9be7d650","/images/sickw-2.png":"a4816298aec8acb3cbfeca84da4766842a7900d65ef4c82a027006780c27bf80","/images/ghep-sim-tan-noi.png":"399c2cf630c5502edef9305d56452ce5b57fd7225ff5e94fad60e31c482b890e","/images/bison-pro.png":"b6bf5ab1dcfbd7ad31405f4f89de019dead06a7e2b075d162b30485cfdddad47","/images/dual.png":"0ef46bf96cfa61d01af31050aa39807b799dac23e2b5c4221b28dff58e52ecf6","/images/fix-danh-ba.png":"f3a39f9e2380b33dba063a9c5037e7fcf86c16b398ce6e5c58e958c0df3cd46a","/images/unlock.png":"9dd9f588e2aae9f9d28d4e98d57e22da866e87dec5cfd6f70d1c743fbe255ff8","/images/bs-new.png":"f1c00e5f62e059a709df320e1fbb0251ca9d868b30f03d6de2fa8d4743adf8de","/images/bison-sed.png":"0a10be16fab339fa6e6c582522ae20223604b23cafedeaefcb59b7cb2c290511","/images/heicard.png":"6372c94d54ec69b75ec0911d568dea07d33c239b05e77f229debe21bc72b66c4","/images/vipbs.png":"5f9d1441fad3af3643b0b959627d355a8ca084ae737e72c23c223f377c235194","/images/sickw.png":"a03d5186d6cc4d8466044832a4c0b8ab15e6c9940c2467f9db063ccf8440588d"}}
[debug] [2026-02-27T07:17:53.428Z] <<< [apiv2][status] POST https://firebasehosting.googleapis.com/v1beta1/projects/482810153724/sites/ngao-a72f8/versions/e070883eebcd4659:populateFiles 200
[debug] [2026-02-27T07:17:53.428Z] <<< [apiv2][body] POST https://firebasehosting.googleapis.com/v1beta1/projects/482810153724/sites/ngao-a72f8/versions/e070883eebcd4659:populateFiles {"uploadRequiredHashes":["2249e65cff4774fa5cd5b8425a11bdd8948ba3432131ca8d24858d9a51a0d403","e9ad0024eb2c4658bb27fced67ae4e724385e3b91607f503390a1301c7d9396f","80a6c6040796df1e7a07c6b43e0529ac3d6b672daa91014631650cff4b6bbfa5"],"uploadUrl":"https://upload-firebasehosting.googleapis.com/upload/sites/ngao-a72f8/versions/e070883eebcd4659/files"}
[debug] [2026-02-27T07:17:53.429Z] Checked if tokens are valid: true, expires at: 1772180188395
[debug] [2026-02-27T07:17:53.429Z] Checked if tokens are valid: true, expires at: 1772180188395
[debug] [2026-02-27T07:17:53.429Z] Checked if tokens are valid: true, expires at: 1772180188395
[debug] [2026-02-27T07:17:53.429Z] Checked if tokens are valid: true, expires at: 1772180188395
[debug] [2026-02-27T07:17:53.429Z] Checked if tokens are valid: true, expires at: 1772180188395
[debug] [2026-02-27T07:17:53.429Z] Checked if tokens are valid: true, expires at: 1772180188395
[debug] [2026-02-27T07:17:53.429Z] >>> [apiv2][query] POST https://upload-firebasehosting.googleapis.com/upload/sites/ngao-a72f8/versions/e070883eebcd4659/files/2249e65cff4774fa5cd5b8425a11bdd8948ba3432131ca8d24858d9a51a0d403 [none]
[debug] [2026-02-27T07:17:53.429Z] >>> [apiv2][body] POST https://upload-firebasehosting.googleapis.com/upload/sites/ngao-a72f8/versions/e070883eebcd4659/files/2249e65cff4774fa5cd5b8425a11bdd8948ba3432131ca8d24858d9a51a0d403 [stream]
[debug] [2026-02-27T07:17:53.430Z] >>> [apiv2][query] POST https://upload-firebasehosting.googleapis.com/upload/sites/ngao-a72f8/versions/e070883eebcd4659/files/e9ad0024eb2c4658bb27fced67ae4e724385e3b91607f503390a1301c7d9396f [none]
[debug] [2026-02-27T07:17:53.430Z] >>> [apiv2][body] POST https://upload-firebasehosting.googleapis.com/upload/sites/ngao-a72f8/versions/e070883eebcd4659/files/e9ad0024eb2c4658bb27fced67ae4e724385e3b91607f503390a1301c7d9396f [stream]
[debug] [2026-02-27T07:17:53.431Z] >>> [apiv2][query] POST https://upload-firebasehosting.googleapis.com/upload/sites/ngao-a72f8/versions/e070883eebcd4659/files/80a6c6040796df1e7a07c6b43e0529ac3d6b672daa91014631650cff4b6bbfa5 [none]
[debug] [2026-02-27T07:17:53.431Z] >>> [apiv2][body] POST https://upload-firebasehosting.googleapis.com/upload/sites/ngao-a72f8/versions/e070883eebcd4659/files/80a6c6040796df1e7a07c6b43e0529ac3d6b672daa91014631650cff4b6bbfa5 [stream]
[debug] [2026-02-27T07:17:53.432Z] [hosting][populate queue][FINAL] {"max":758,"min":758,"avg":758,"active":0,"complete":1,"success":1,"errored":0,"retried":0,"total":1,"elapsed":760}
[debug] [2026-02-27T07:17:53.432Z] [hosting] uploads queued: 3
